# JRE version: OpenJDK Runtime Environment (8.0_152-b01) (build 1.8.0_152-release-915-b01)
# Java VM: OpenJDK 64-Bit Server VM (25.152-b01 mixed mode linux-amd64 compressed oops)
Heap:
 PSYoungGen      total 429056K, used 12216K [0x00000000e0000000, 0x00000000ffd00000, 0x0000000100000000)
  eden space 333824K, 0% used [0x00000000e0000000,0x00000000e0000000,0x00000000f4600000)
  from space 95232K, 12% used [0x00000000f4600000,0x00000000f51ee110,0x00000000fa300000)
  to   space 92160K, 0% used [0x00000000fa300000,0x00000000fa300000,0x00000000ffd00000)
 ParOldGen       total 327168K, used 256045K [0x00000000a0000000, 0x00000000b3f80000, 0x00000000e0000000)
  object space 327168K, 78% used [0x00000000a0000000,0x00000000afa0b518,0x00000000b3f80000)
 Metaspace       used 85991K, capacity 91616K, committed 91864K, reserved 1128448K
  class space    used 10581K, capacity 11927K, committed 12032K, reserved 1048576K
GC Heap History (10 events):
Event: 7469.001 GC heap after
Heap after GC invocations=41 (full 8):
 PSYoungGen      total 424448K, used 58600K [0x00000000e0000000, 0x0000000100000000, 0x0000000100000000)
  eden space 332288K, 0% used [0x00000000e0000000,0x00000000e0000000,0x00000000f4480000)
  from space 92160K, 63% used [0x00000000f4480000,0x00000000f7dba3c8,0x00000000f9e80000)
  to   space 95744K, 0% used [0x00000000fa280000,0x00000000fa280000,0x0000000100000000)
 ParOldGen       total 327168K, used 159169K [0x00000000a0000000, 0x00000000b3f80000, 0x00000000e0000000)
  object space 327168K, 48% used [0x00000000a0000000,0x00000000a9b70490,0x00000000b3f80000)
 Metaspace       used 84300K, capacity 89458K, committed 89816K, reserved 1128448K
  class space    used 10421K, capacity 11654K, committed 11776K, reserved 1048576K
}
Event: 7472.083 GC heap before
{Heap before GC invocations=42 (full 8):
 PSYoungGen      total 424448K, used 390834K [0x00000000e0000000, 0x0000000100000000, 0x0000000100000000)
  eden space 332288K, 99% used [0x00000000e0000000,0x00000000f4472808,0x00000000f4480000)
  from space 92160K, 63% used [0x00000000f4480000,0x00000000f7dba3c8,0x00000000f9e80000)
  to   space 95744K, 0% used [0x00000000fa280000,0x00000000fa280000,0x0000000100000000)
 ParOldGen       total 327168K, used 159169K [0x00000000a0000000, 0x00000000b3f80000, 0x00000000e0000000)
  object space 327168K, 48% used [0x00000000a0000000,0x00000000a9b70490,0x00000000b3f80000)
 Metaspace       used 84397K, capacity 89726K, committed 90200K, reserved 1128448K
  class space    used 10440K, capacity 11688K, committed 11904K, reserved 1048576K
Event: 7472.133 GC heap after
Heap after GC invocations=42 (full 8):
 PSYoungGen      total 429568K, used 13269K [0x00000000e0000000, 0x00000000ffe80000, 0x0000000100000000)
  eden space 335360K, 0% used [0x00000000e0000000,0x00000000e0000000,0x00000000f4780000)
  from space 94208K, 14% used [0x00000000fa280000,0x00000000faf75730,0x00000000ffe80000)
  to   space 93184K, 0% used [0x00000000f4780000,0x00000000f4780000,0x00000000fa280000)
 ParOldGen       total 327168K, used 203886K [0x00000000a0000000, 0x00000000b3f80000, 0x00000000e0000000)
  object space 327168K, 62% used [0x00000000a0000000,0x00000000ac71b940,0x00000000b3f80000)
 Metaspace       used 84397K, capacity 89726K, committed 90200K, reserved 1128448K
  class space    used 10440K, capacity 11688K, committed 11904K, reserved 1048576K
}
Event: 14094.446 GC heap before
{Heap before GC invocations=43 (full 8):
 PSYoungGen      total 429568K, used 348629K [0x00000000e0000000, 0x00000000ffe80000, 0x0000000100000000)
  eden space 335360K, 100% used [0x00000000e0000000,0x00000000f4780000,0x00000000f4780000)
  from space 94208K, 14% used [0x00000000fa280000,0x00000000faf75730,0x00000000ffe80000)
  to   space 93184K, 0% used [0x00000000f4780000,0x00000000f4780000,0x00000000fa280000)
 ParOldGen       total 327168K, used 203886K [0x00000000a0000000, 0x00000000b3f80000, 0x00000000e0000000)
  object space 327168K, 62% used [0x00000000a0000000,0x00000000ac71b940,0x00000000b3f80000)
 Metaspace       used 84654K, capacity 90194K, committed 90456K, reserved 1128448K
  class space    used 10471K, capacity 11784K, committed 11904K, reserved 1048576K
Event: 14098.348 GC heap after
Heap after GC invocations=43 (full 8):
 PSYoungGen      total 428544K, used 4962K [0x00000000e0000000, 0x00000000ffd00000, 0x0000000100000000)
  eden space 335360K, 0% used [0x00000000e0000000,0x00000000e0000000,0x00000000f4780000)
  from space 93184K, 5% used [0x00000000f4780000,0x00000000f4c58900,0x00000000fa280000)
  to   space 92160K, 0% used [0x00000000fa300000,0x00000000fa300000,0x00000000ffd00000)
 ParOldGen       total 327168K, used 204070K [0x00000000a0000000, 0x00000000b3f80000, 0x00000000e0000000)
  object space 327168K, 62% used [0x00000000a0000000,0x00000000ac7499a0,0x00000000b3f80000)
 Metaspace       used 84654K, capacity 90194K, committed 90456K, reserved 1128448K
  class space    used 10471K, capacity 11784K, committed 11904K, reserved 1048576K
}
Event: 14117.578 GC heap before
{Heap before GC invocations=44 (full 8):
 PSYoungGen      total 428544K, used 340322K [0x00000000e0000000, 0x00000000ffd00000, 0x0000000100000000)
  eden space 335360K, 100% used [0x00000000e0000000,0x00000000f4780000,0x00000000f4780000)
  from space 93184K, 5% used [0x00000000f4780000,0x00000000f4c58900,0x00000000fa280000)
  to   space 92160K, 0% used [0x00000000fa300000,0x00000000fa300000,0x00000000ffd00000)
 ParOldGen       total 327168K, used 204070K [0x00000000a0000000, 0x00000000b3f80000, 0x00000000e0000000)
  object space 327168K, 62% used [0x00000000a0000000,0x00000000ac7499a0,0x00000000b3f80000)
 Metaspace       used 85863K, capacity 91534K, committed 91864K, reserved 1128448K
  class space    used 10579K, capacity 11926K, committed 12032K, reserved 1048576K
Event: 14117.711 GC heap after
Heap after GC invocations=44 (full 8):
 PSYoungGen      total 425984K, used 55039K [0x00000000e0000000, 0x0000000100000000, 0x0000000100000000)
  eden space 333824K, 0% used [0x00000000e0000000,0x00000000e0000000,0x00000000f4600000)
  from space 92160K, 59% used [0x00000000fa300000,0x00000000fd8bff50,0x00000000ffd00000)
  to   space 95232K, 0% used [0x00000000f4600000,0x00000000f4600000,0x00000000fa300000)
 ParOldGen       total 327168K, used 205754K [0x00000000a0000000, 0x00000000b3f80000, 0x00000000e0000000)
  object space 327168K, 62% used [0x00000000a0000000,0x00000000ac8eeaa0,0x00000000b3f80000)
 Metaspace       used 85863K, capacity 91534K, committed 91864K, reserved 1128448K
  class space    used 10579K, capacity 11926K, committed 12032K, reserved 1048576K
}
Event: 14123.437 GC heap before
{Heap before GC invocations=45 (full 8):
 PSYoungGen      total 425984K, used 388863K [0x00000000e0000000, 0x0000000100000000, 0x0000000100000000)
  eden space 333824K, 100% used [0x00000000e0000000,0x00000000f4600000,0x00000000f4600000)
  from space 92160K, 59% used [0x00000000fa300000,0x00000000fd8bff50,0x00000000ffd00000)
  to   space 95232K, 0% used [0x00000000f4600000,0x00000000f4600000,0x00000000fa300000)
 ParOldGen       total 327168K, used 205754K [0x00000000a0000000, 0x00000000b3f80000, 0x00000000e0000000)
  object space 327168K, 62% used [0x00000000a0000000,0x00000000ac8eeaa0,0x00000000b3f80000)
 Metaspace       used 85991K, capacity 91616K, committed 91864K, reserved 1128448K
  class space    used 10581K, capacity 11927K, committed 12032K, reserved 1048576K
Event: 14123.637 GC heap after
Heap after GC invocations=45 (full 8):
 PSYoungGen      total 429056K, used 12216K [0x00000000e0000000, 0x00000000ffd00000, 0x0000000100000000)
  eden space 333824K, 0% used [0x00000000e0000000,0x00000000e0000000,0x00000000f4600000)
  from space 95232K, 12% used [0x00000000f4600000,0x00000000f51ee110,0x00000000fa300000)
  to   space 92160K, 0% used [0x00000000fa300000,0x00000000fa300000,0x00000000ffd00000)
 ParOldGen       total 327168K, used 256045K [0x00000000a0000000, 0x00000000b3f80000, 0x00000000e0000000)
  object space 327168K, 78% used [0x00000000a0000000,0x00000000afa0b518,0x00000000b3f80000)
 Metaspace       used 85991K, capacity 91616K, committed 91864K, reserved 1128448K
  class space    used 10581K, capacity 11927K, committed 12032K, reserved 1048576K
}
Event: 14123.637 GC heap before
{Heap before GC invocations=46 (full 9):
 PSYoungGen      total 429056K, used 12216K [0x00000000e0000000, 0x00000000ffd00000, 0x0000000100000000)
  eden space 333824K, 0% used [0x00000000e0000000,0x00000000e0000000,0x00000000f4600000)
  from space 95232K, 12% used [0x00000000f4600000,0x00000000f51ee110,0x00000000fa300000)
  to   space 92160K, 0% used [0x00000000fa300000,0x00000000fa300000,0x00000000ffd00000)
 ParOldGen       total 327168K, used 256045K [0x00000000a0000000, 0x00000000b3f80000, 0x00000000e0000000)
  object space 327168K, 78% used [0x00000000a0000000,0x00000000afa0b518,0x00000000b3f80000)
 Metaspace       used 85991K, capacity 91616K, committed 91864K, reserved 1128448K
  class space    used 10581K, capacity 11927K, committed 12032K, reserved 1048576K

